#! /c/Source/iverilog-install/bin/vvp
:ivl_version "12.0 (devel)" "(s20150603-1539-g2693dd32b)";
:ivl_delay_selection "TYPICAL";
:vpi_time_precision + 0;
:vpi_module "C:\iverilog\lib\ivl\system.vpi";
:vpi_module "C:\iverilog\lib\ivl\vhdl_sys.vpi";
:vpi_module "C:\iverilog\lib\ivl\vhdl_textio.vpi";
:vpi_module "C:\iverilog\lib\ivl\v2005_math.vpi";
:vpi_module "C:\iverilog\lib\ivl\va_math.vpi";
S_000002065f086440 .scope module, "t_Ripple_Counter_4bit" "t_Ripple_Counter_4bit" 2 29;
 .timescale 0 0;
v000002065f0e41a0_0 .net "A", 3 0, L_000002065f0e42e0;  1 drivers
v000002065f0e4920_0 .var "Count", 0 0;
v000002065f0e4240_0 .var "Reset", 0 0;
E_000002065f098be0 .event posedge, v000002065f0865d0_0;
L_000002065f0e42e0 .concat8 [ 1 1 1 1], v000002065f04d2e0_0, v000002065f0946c0_0, v000002065f062910_0, v000002065f062af0_0;
S_000002065f04cfc0 .scope module, "M0" "Ripple_Counter_4bit" 2 35, 2 4 0, S_000002065f086440;
 .timescale 0 0;
    .port_info 0 /OUTPUT 1 "A3";
    .port_info 1 /OUTPUT 1 "A2";
    .port_info 2 /OUTPUT 1 "A1";
    .port_info 3 /OUTPUT 1 "A0";
    .port_info 4 /INPUT 1 "Count";
    .port_info 5 /INPUT 1 "Reset";
v000002065f0e4600_0 .net "A0", 0 0, v000002065f04d2e0_0;  1 drivers
v000002065f0e4560_0 .net "A1", 0 0, v000002065f0946c0_0;  1 drivers
v000002065f0e3ac0_0 .net "A2", 0 0, v000002065f062910_0;  1 drivers
v000002065f0e3f20_0 .net "A3", 0 0, v000002065f062af0_0;  1 drivers
v000002065f0e3de0_0 .net "Count", 0 0, v000002065f0e4920_0;  1 drivers
v000002065f0e3b60_0 .net "Reset", 0 0, v000002065f0e4240_0;  1 drivers
S_000002065f04d150 .scope module, "F0" "Comp_D_flip_flop" 2 8, 2 15 0, S_000002065f04cfc0;
 .timescale 0 0;
    .port_info 0 /OUTPUT 1 "Q";
    .port_info 1 /INPUT 1 "CLK";
    .port_info 2 /INPUT 1 "Reset";
v000002065f0865d0_0 .net "CLK", 0 0, v000002065f0e4920_0;  alias, 1 drivers
v000002065f04d2e0_0 .var "Q", 0 0;
v000002065f04d380_0 .net "Reset", 0 0, v000002065f0e4240_0;  alias, 1 drivers
E_000002065f0985e0/0 .event negedge, v000002065f0865d0_0;
E_000002065f0985e0/1 .event posedge, v000002065f04d380_0;
E_000002065f0985e0 .event/or E_000002065f0985e0/0, E_000002065f0985e0/1;
S_000002065f094490 .scope module, "F1" "Comp_D_flip_flop" 2 9, 2 15 0, S_000002065f04cfc0;
 .timescale 0 0;
    .port_info 0 /OUTPUT 1 "Q";
    .port_info 1 /INPUT 1 "CLK";
    .port_info 2 /INPUT 1 "Reset";
v000002065f094620_0 .net "CLK", 0 0, v000002065f04d2e0_0;  alias, 1 drivers
v000002065f0946c0_0 .var "Q", 0 0;
v000002065f094760_0 .net "Reset", 0 0, v000002065f0e4240_0;  alias, 1 drivers
E_000002065f098c20/0 .event negedge, v000002065f04d2e0_0;
E_000002065f098c20/1 .event posedge, v000002065f04d380_0;
E_000002065f098c20 .event/or E_000002065f098c20/0, E_000002065f098c20/1;
S_000002065f0626e0 .scope module, "F2" "Comp_D_flip_flop" 2 10, 2 15 0, S_000002065f04cfc0;
 .timescale 0 0;
    .port_info 0 /OUTPUT 1 "Q";
    .port_info 1 /INPUT 1 "CLK";
    .port_info 2 /INPUT 1 "Reset";
v000002065f062870_0 .net "CLK", 0 0, v000002065f0946c0_0;  alias, 1 drivers
v000002065f062910_0 .var "Q", 0 0;
v000002065f0629b0_0 .net "Reset", 0 0, v000002065f0e4240_0;  alias, 1 drivers
E_000002065f0986a0/0 .event negedge, v000002065f0946c0_0;
E_000002065f0986a0/1 .event posedge, v000002065f04d380_0;
E_000002065f0986a0 .event/or E_000002065f0986a0/0, E_000002065f0986a0/1;
S_000002065f0e3840 .scope module, "F3" "Comp_D_flip_flop" 2 11, 2 15 0, S_000002065f04cfc0;
 .timescale 0 0;
    .port_info 0 /OUTPUT 1 "Q";
    .port_info 1 /INPUT 1 "CLK";
    .port_info 2 /INPUT 1 "Reset";
v000002065f062a50_0 .net "CLK", 0 0, v000002065f062910_0;  alias, 1 drivers
v000002065f062af0_0 .var "Q", 0 0;
v000002065f0e3a20_0 .net "Reset", 0 0, v000002065f0e4240_0;  alias, 1 drivers
E_000002065f04cb10/0 .event negedge, v000002065f062910_0;
E_000002065f04cb10/1 .event posedge, v000002065f04d380_0;
E_000002065f04cb10 .event/or E_000002065f04cb10/0, E_000002065f04cb10/1;
    .scope S_000002065f04d150;
T_0 ;
    %wait E_000002065f0985e0;
    %load/vec4 v000002065f04d380_0;
    %flag_set/vec4 8;
    %jmp/0xz  T_0.0, 8;
    %pushi/vec4 0, 0, 1;
    %assign/vec4 v000002065f04d2e0_0, 0;
    %jmp T_0.1;
T_0.0 ;
    %load/vec4 v000002065f04d2e0_0;
    %inv;
    %assign/vec4 v000002065f04d2e0_0, 2;
T_0.1 ;
    %jmp T_0;
    .thread T_0;
    .scope S_000002065f094490;
T_1 ;
    %wait E_000002065f098c20;
    %load/vec4 v000002065f094760_0;
    %flag_set/vec4 8;
    %jmp/0xz  T_1.0, 8;
    %pushi/vec4 0, 0, 1;
    %assign/vec4 v000002065f0946c0_0, 0;
    %jmp T_1.1;
T_1.0 ;
    %load/vec4 v000002065f0946c0_0;
    %inv;
    %assign/vec4 v000002065f0946c0_0, 2;
T_1.1 ;
    %jmp T_1;
    .thread T_1;
    .scope S_000002065f0626e0;
T_2 ;
    %wait E_000002065f0986a0;
    %load/vec4 v000002065f0629b0_0;
    %flag_set/vec4 8;
    %jmp/0xz  T_2.0, 8;
    %pushi/vec4 0, 0, 1;
    %assign/vec4 v000002065f062910_0, 0;
    %jmp T_2.1;
T_2.0 ;
    %load/vec4 v000002065f062910_0;
    %inv;
    %assign/vec4 v000002065f062910_0, 2;
T_2.1 ;
    %jmp T_2;
    .thread T_2;
    .scope S_000002065f0e3840;
T_3 ;
    %wait E_000002065f04cb10;
    %load/vec4 v000002065f0e3a20_0;
    %flag_set/vec4 8;
    %jmp/0xz  T_3.0, 8;
    %pushi/vec4 0, 0, 1;
    %assign/vec4 v000002065f062af0_0, 0;
    %jmp T_3.1;
T_3.0 ;
    %load/vec4 v000002065f062af0_0;
    %inv;
    %assign/vec4 v000002065f062af0_0, 2;
T_3.1 ;
    %jmp T_3;
    .thread T_3;
    .scope S_000002065f086440;
T_4 ;
    %vpi_call 2 39 "$dumpfile", "t_Ripple_Counter_4bit.vcd" {0 0 0};
    %vpi_call 2 40 "$dumpvars", 32'sb00000000000000000000000000000000, S_000002065f086440 {0 0 0};
    %end;
    .thread T_4;
    .scope S_000002065f086440;
T_5 ;
    %delay 170, 0;
    %vpi_call 2 42 "$finish" {0 0 0};
    %end;
    .thread T_5;
    .scope S_000002065f086440;
T_6 ;
    %pushi/vec4 0, 0, 1;
    %store/vec4 v000002065f0e4920_0, 0, 1;
    %pushi/vec4 33, 0, 32;
T_6.0 %dup/vec4;
    %pushi/vec4 0, 0, 32;
    %cmp/s;
    %jmp/1xz T_6.1, 5;
    %jmp/1 T_6.1, 4;
    %pushi/vec4 1, 0, 32;
    %sub;
    %delay 5, 0;
    %load/vec4 v000002065f0e4920_0;
    %inv;
    %store/vec4 v000002065f0e4920_0, 0, 1;
    %jmp T_6.0;
T_6.1 ;
    %pop/vec4 1;
    %end;
    .thread T_6;
    .scope S_000002065f086440;
T_7 ;
    %delay 4, 0;
    %pushi/vec4 1, 0, 1;
    %store/vec4 v000002065f0e4240_0, 0, 1;
    %delay 4, 0;
    %pushi/vec4 0, 0, 1;
    %store/vec4 v000002065f0e4240_0, 0, 1;
    %end;
    .thread T_7;
    .scope S_000002065f086440;
T_8 ;
    %wait E_000002065f098be0;
    %vpi_call 2 57 "$monitor", "Time = ", $time, "  Output =  %h ", v000002065f0e41a0_0 {0 0 0};
    %jmp T_8;
    .thread T_8;
# The file index is used to find the file name in the following table.
:file_names 3;
    "N/A";
    "<interactive>";
    "Ripple_Counter_4bit.v";
