#! /c/Source/iverilog-install/bin/vvp
:ivl_version "12.0 (devel)" "(s20150603-1539-g2693dd32b)";
:ivl_delay_selection "TYPICAL";
:vpi_time_precision + 0;
:vpi_module "C:\iverilog\lib\ivl\system.vpi";
:vpi_module "C:\iverilog\lib\ivl\vhdl_sys.vpi";
:vpi_module "C:\iverilog\lib\ivl\vhdl_textio.vpi";
:vpi_module "C:\iverilog\lib\ivl\v2005_math.vpi";
:vpi_module "C:\iverilog\lib\ivl\va_math.vpi";
S_0000019e22d2ad80 .scope module, "testbench" "testbench" 2 16;
 .timescale 0 0;
v0000019e22d25a40_0 .var "clear_n", 0 0;
v0000019e22d25ae0_0 .var "clk", 0 0;
v0000019e22cdae80_0 .var "d", 0 0;
v0000019e22cdaf20_0 .net "q", 0 0, v0000019e22d259a0_0;  1 drivers
S_0000019e22d25770 .scope module, "uut" "d_flipflop_async_clear" 2 21, 2 1 0, S_0000019e22d2ad80;
 .timescale 0 0;
    .port_info 0 /OUTPUT 1 "q";
    .port_info 1 /INPUT 1 "d";
    .port_info 2 /INPUT 1 "clk";
    .port_info 3 /INPUT 1 "clear_n";
v0000019e22cf2dd0_0 .net "clear_n", 0 0, v0000019e22d25a40_0;  1 drivers
v0000019e22cf2ae0_0 .net "clk", 0 0, v0000019e22d25ae0_0;  1 drivers
v0000019e22d25900_0 .net "d", 0 0, v0000019e22cdae80_0;  1 drivers
v0000019e22d259a0_0 .var "q", 0 0;
E_0000019e22cd8a10/0 .event negedge, v0000019e22cf2dd0_0;
E_0000019e22cd8a10/1 .event posedge, v0000019e22cf2ae0_0;
E_0000019e22cd8a10 .event/or E_0000019e22cd8a10/0, E_0000019e22cd8a10/1;
    .scope S_0000019e22d25770;
T_0 ;
    %wait E_0000019e22cd8a10;
    %load/vec4 v0000019e22cf2dd0_0;
    %nor/r;
    %flag_set/vec4 8;
    %jmp/0xz  T_0.0, 8;
    %pushi/vec4 0, 0, 1;
    %assign/vec4 v0000019e22d259a0_0, 0;
    %jmp T_0.1;
T_0.0 ;
    %load/vec4 v0000019e22d25900_0;
    %assign/vec4 v0000019e22d259a0_0, 0;
T_0.1 ;
    %jmp T_0;
    .thread T_0;
    .scope S_0000019e22d2ad80;
T_1 ;
    %pushi/vec4 0, 0, 1;
    %store/vec4 v0000019e22d25ae0_0, 0, 1;
T_1.0 ;
    %delay 5, 0;
    %load/vec4 v0000019e22d25ae0_0;
    %inv;
    %store/vec4 v0000019e22d25ae0_0, 0, 1;
    %jmp T_1.0;
    %end;
    .thread T_1;
    .scope S_0000019e22d2ad80;
T_2 ;
    %vpi_call 2 36 "$dumpfile", "d_flipflop_async_clear.vcd" {0 0 0};
    %vpi_call 2 37 "$dumpvars", 32'sb00000000000000000000000000000000, S_0000019e22d2ad80 {0 0 0};
    %pushi/vec4 1, 0, 1;
    %store/vec4 v0000019e22cdae80_0, 0, 1;
    %pushi/vec4 1, 0, 1;
    %store/vec4 v0000019e22d25a40_0, 0, 1;
    %delay 3, 0;
    %pushi/vec4 0, 0, 1;
    %store/vec4 v0000019e22d25a40_0, 0, 1;
    %delay 5, 0;
    %pushi/vec4 1, 0, 1;
    %store/vec4 v0000019e22d25a40_0, 0, 1;
    %delay 10, 0;
    %pushi/vec4 1, 0, 1;
    %store/vec4 v0000019e22cdae80_0, 0, 1;
    %delay 10, 0;
    %pushi/vec4 0, 0, 1;
    %store/vec4 v0000019e22cdae80_0, 0, 1;
    %delay 10, 0;
    %pushi/vec4 1, 0, 1;
    %store/vec4 v0000019e22cdae80_0, 0, 1;
    %delay 10, 0;
    %pushi/vec4 0, 0, 1;
    %store/vec4 v0000019e22d25a40_0, 0, 1;
    %delay 5, 0;
    %pushi/vec4 1, 0, 1;
    %store/vec4 v0000019e22d25a40_0, 0, 1;
    %delay 10, 0;
    %pushi/vec4 0, 0, 1;
    %store/vec4 v0000019e22cdae80_0, 0, 1;
    %delay 10, 0;
    %pushi/vec4 1, 0, 1;
    %store/vec4 v0000019e22cdae80_0, 0, 1;
    %vpi_call 2 60 "$finish" {0 0 0};
    %end;
    .thread T_2;
    .scope S_0000019e22d2ad80;
T_3 ;
    %vpi_call 2 65 "$monitor", "Time=%0t | clk=%b | d=%b | q=%b | clear_n=%b", $time, v0000019e22d25ae0_0, v0000019e22cdae80_0, v0000019e22cdaf20_0, v0000019e22d25a40_0 {0 0 0};
    %end;
    .thread T_3;
# The file index is used to find the file name in the following table.
:file_names 3;
    "N/A";
    "<interactive>";
    "async_active_low.v";
