#! /c/Source/iverilog-install/bin/vvp
:ivl_version "12.0 (devel)" "(s20150603-1539-g2693dd32b)";
:ivl_delay_selection "TYPICAL";
:vpi_time_precision + 0;
:vpi_module "C:\iverilog\lib\ivl\system.vpi";
:vpi_module "C:\iverilog\lib\ivl\vhdl_sys.vpi";
:vpi_module "C:\iverilog\lib\ivl\vhdl_textio.vpi";
:vpi_module "C:\iverilog\lib\ivl\v2005_math.vpi";
:vpi_module "C:\iverilog\lib\ivl\va_math.vpi";
S_000001a4a69256f0 .scope module, "testbench" "testbench" 2 10;
 .timescale 0 0;
v000001a4a69698e0_0 .var "i", 0 0;
v000001a4a6969980_0 .net "o0", 0 0, L_000001a4a68d7740;  1 drivers
v000001a4a6969a20_0 .net "o1", 0 0, L_000001a4a68d7480;  1 drivers
v000001a4a6969ac0_0 .var "s", 0 0;
S_000001a4a6925880 .scope module, "x" "demux1to2__" 2 15, 2 1 0, S_000001a4a69256f0;
 .timescale 0 0;
    .port_info 0 /OUTPUT 1 "o0";
    .port_info 1 /OUTPUT 1 "o1";
    .port_info 2 /INPUT 1 "i";
    .port_info 3 /INPUT 1 "s";
L_000001a4a68d8bb0 .functor NOT 1, v000001a4a6969ac0_0, C4<0>, C4<0>, C4<0>;
L_000001a4a68d7740 .functor AND 1, v000001a4a69698e0_0, L_000001a4a68d8bb0, C4<1>, C4<1>;
L_000001a4a68d7480 .functor AND 1, v000001a4a69698e0_0, v000001a4a6969ac0_0, C4<1>, C4<1>;
v000001a4a68d8b10_0 .net *"_ivl_0", 0 0, L_000001a4a68d8bb0;  1 drivers
v000001a4a68d6fe0_0 .net "i", 0 0, v000001a4a69698e0_0;  1 drivers
v000001a4a6925a10_0 .net "o0", 0 0, L_000001a4a68d7740;  alias, 1 drivers
v000001a4a6925ab0_0 .net "o1", 0 0, L_000001a4a68d7480;  alias, 1 drivers
v000001a4a6969840_0 .net "s", 0 0, v000001a4a6969ac0_0;  1 drivers
    .scope S_000001a4a69256f0;
T_0 ;
    %vpi_call 2 19 "$dumpfile", "demux1to2.vcd" {0 0 0};
    %vpi_call 2 20 "$dumpvars", 32'sb00000000000000000000000000000000, S_000001a4a69256f0 {0 0 0};
    %pushi/vec4 0, 0, 1;
    %store/vec4 v000001a4a69698e0_0, 0, 1;
    %pushi/vec4 0, 0, 1;
    %store/vec4 v000001a4a6969ac0_0, 0, 1;
    %delay 10, 0;
    %pushi/vec4 0, 0, 1;
    %store/vec4 v000001a4a69698e0_0, 0, 1;
    %pushi/vec4 1, 0, 1;
    %store/vec4 v000001a4a6969ac0_0, 0, 1;
    %delay 10, 0;
    %pushi/vec4 1, 0, 1;
    %store/vec4 v000001a4a69698e0_0, 0, 1;
    %pushi/vec4 0, 0, 1;
    %store/vec4 v000001a4a6969ac0_0, 0, 1;
    %delay 10, 0;
    %pushi/vec4 1, 0, 1;
    %store/vec4 v000001a4a69698e0_0, 0, 1;
    %pushi/vec4 1, 0, 1;
    %store/vec4 v000001a4a6969ac0_0, 0, 1;
    %delay 10, 0;
    %vpi_call 2 34 "$finish" {0 0 0};
    %end;
    .thread T_0;
    .scope S_000001a4a69256f0;
T_1 ;
    %vpi_call 2 39 "$monitor", "Time=%0t | i=%b | s=%b || o0=%b | o1=%b", $time, v000001a4a69698e0_0, v000001a4a6969ac0_0, v000001a4a6969980_0, v000001a4a6969a20_0 {0 0 0};
    %end;
    .thread T_1;
# The file index is used to find the file name in the following table.
:file_names 3;
    "N/A";
    "<interactive>";
    "demux1to2.v";
