#! /c/Source/iverilog-install/bin/vvp
:ivl_version "12.0 (devel)" "(s20150603-1539-g2693dd32b)";
:ivl_delay_selection "TYPICAL";
:vpi_time_precision + 0;
:vpi_module "C:\iverilog\lib\ivl\system.vpi";
:vpi_module "C:\iverilog\lib\ivl\vhdl_sys.vpi";
:vpi_module "C:\iverilog\lib\ivl\vhdl_textio.vpi";
:vpi_module "C:\iverilog\lib\ivl\v2005_math.vpi";
:vpi_module "C:\iverilog\lib\ivl\va_math.vpi";
S_000002d390604310 .scope module, "demux1to2__" "demux1to2__" 2 16;
 .timescale 0 0;
    .port_info 0 /OUTPUT 1 "o0";
    .port_info 1 /OUTPUT 1 "o1";
    .port_info 2 /INPUT 1 "i";
    .port_info 3 /INPUT 1 "s";
o000002d390611048 .functor BUFZ 1, C4<z>; HiZ drive
L_000002d3905fab70 .functor NOT 1, o000002d390611048, C4<0>, C4<0>, C4<0>;
o000002d390610fb8 .functor BUFZ 1, C4<z>; HiZ drive
L_000002d3905fabe0 .functor AND 1, o000002d390610fb8, L_000002d3905fab70, C4<1>, C4<1>;
L_000002d3905fad30 .functor AND 1, o000002d390610fb8, o000002d390611048, C4<1>, C4<1>;
v000002d390600840_0 .net *"_ivl_0", 0 0, L_000002d3905fab70;  1 drivers
v000002d390600de0_0 .net "i", 0 0, o000002d390610fb8;  0 drivers
v000002d390601060_0 .net "o0", 0 0, L_000002d3905fabe0;  1 drivers
v000002d390600c00_0 .net "o1", 0 0, L_000002d3905fad30;  1 drivers
v000002d390600520_0 .net "s", 0 0, o000002d390611048;  0 drivers
S_000002d390610960 .scope module, "testbench" "testbench" 2 49;
 .timescale 0 0;
v000002d390665c70_0 .var "i", 0 0;
v000002d3906671b0_0 .net "out", 7 0, L_000002d390666c10;  1 drivers
v000002d390665d10_0 .var "s", 2 0;
S_000002d3906fd800 .scope module, "uut" "demux1to8" 2 54, 2 25 0, S_000002d390610960;
 .timescale 0 0;
    .port_info 0 /OUTPUT 8 "out";
    .port_info 1 /INPUT 1 "i";
    .port_info 2 /INPUT 3 "s";
v000002d390666210_0 .net "i", 0 0, v000002d390665c70_0;  1 drivers
v000002d390665950_0 .net "out", 7 0, L_000002d390666c10;  alias, 1 drivers
v000002d390666a30_0 .net "s", 2 0, v000002d390665d10_0;  1 drivers
v000002d390667390_0 .net "w0", 0 0, v000002d390600200_0;  1 drivers
v000002d390666b70_0 .net "w1", 0 0, v000002d390600340_0;  1 drivers
v000002d390666cb0_0 .net "w2", 0 0, v000002d390600700_0;  1 drivers
v000002d3906662b0_0 .net "w3", 0 0, v000002d390601100_0;  1 drivers
v000002d3906663f0_0 .net "w4", 0 0, v000002d390600b60_0;  1 drivers
v000002d390666ad0_0 .net "w5", 0 0, v000002d390600a20_0;  1 drivers
L_000002d3906659f0 .part v000002d390665d10_0, 2, 1;
L_000002d390667570 .part v000002d390665d10_0, 1, 1;
L_000002d390666850 .part v000002d390665d10_0, 1, 1;
L_000002d390665f90 .part v000002d390665d10_0, 0, 1;
L_000002d390667430 .part v000002d390665d10_0, 0, 1;
L_000002d390665a90 .part v000002d390665d10_0, 0, 1;
LS_000002d390666c10_0_0 .concat8 [ 1 1 1 1], v000002d3906002a0_0, v000002d3906003e0_0, v000002d390666030_0, v000002d3906660d0_0;
LS_000002d390666c10_0_4 .concat8 [ 1 1 1 1], v000002d390666170_0, v000002d390665e50_0, v000002d390667110_0, v000002d3906658b0_0;
L_000002d390666c10 .concat8 [ 4 4 0 0], LS_000002d390666c10_0_0, LS_000002d390666c10_0_4;
L_000002d390665db0 .part v000002d390665d10_0, 0, 1;
S_000002d3906fd990 .scope module, "d0" "demux1to2" 2 33, 2 1 0, S_000002d3906fd800;
 .timescale 0 0;
    .port_info 0 /OUTPUT 1 "o0";
    .port_info 1 /OUTPUT 1 "o1";
    .port_info 2 /INPUT 1 "i";
    .port_info 3 /INPUT 1 "s";
v000002d3906007a0_0 .net "i", 0 0, v000002d390665c70_0;  alias, 1 drivers
v000002d390600200_0 .var "o0", 0 0;
v000002d390600340_0 .var "o1", 0 0;
v000002d390600660_0 .net "s", 0 0, L_000002d3906659f0;  1 drivers
E_000002d390603da0 .event anyedge, v000002d390600660_0, v000002d3906007a0_0;
S_000002d390605e90 .scope module, "d1" "demux1to2" 2 37, 2 1 0, S_000002d3906fd800;
 .timescale 0 0;
    .port_info 0 /OUTPUT 1 "o0";
    .port_info 1 /OUTPUT 1 "o1";
    .port_info 2 /INPUT 1 "i";
    .port_info 3 /INPUT 1 "s";
v000002d390600f20_0 .net "i", 0 0, v000002d390600200_0;  alias, 1 drivers
v000002d390600700_0 .var "o0", 0 0;
v000002d390601100_0 .var "o1", 0 0;
v000002d390600ac0_0 .net "s", 0 0, L_000002d390667570;  1 drivers
E_000002d390603420 .event anyedge, v000002d390600ac0_0, v000002d390600200_0;
S_000002d390606020 .scope module, "d2" "demux1to2" 2 38, 2 1 0, S_000002d3906fd800;
 .timescale 0 0;
    .port_info 0 /OUTPUT 1 "o0";
    .port_info 1 /OUTPUT 1 "o1";
    .port_info 2 /INPUT 1 "i";
    .port_info 3 /INPUT 1 "s";
v000002d3906008e0_0 .net "i", 0 0, v000002d390600340_0;  alias, 1 drivers
v000002d390600b60_0 .var "o0", 0 0;
v000002d390600a20_0 .var "o1", 0 0;
v000002d390600fc0_0 .net "s", 0 0, L_000002d390666850;  1 drivers
E_000002d390603660 .event anyedge, v000002d390600fc0_0, v000002d390600340_0;
S_000002d3906f6be0 .scope module, "d3" "demux1to2" 2 41, 2 1 0, S_000002d3906fd800;
 .timescale 0 0;
    .port_info 0 /OUTPUT 1 "o0";
    .port_info 1 /OUTPUT 1 "o1";
    .port_info 2 /INPUT 1 "i";
    .port_info 3 /INPUT 1 "s";
v000002d390600e80_0 .net "i", 0 0, v000002d390600700_0;  alias, 1 drivers
v000002d3906002a0_0 .var "o0", 0 0;
v000002d3906003e0_0 .var "o1", 0 0;
v000002d390600480_0 .net "s", 0 0, L_000002d390665f90;  1 drivers
E_000002d390603ee0 .event anyedge, v000002d390600480_0, v000002d390600700_0;
S_000002d3906f6d70 .scope module, "d4" "demux1to2" 2 42, 2 1 0, S_000002d3906fd800;
 .timescale 0 0;
    .port_info 0 /OUTPUT 1 "o0";
    .port_info 1 /OUTPUT 1 "o1";
    .port_info 2 /INPUT 1 "i";
    .port_info 3 /INPUT 1 "s";
v000002d390667250_0 .net "i", 0 0, v000002d390601100_0;  alias, 1 drivers
v000002d390666030_0 .var "o0", 0 0;
v000002d3906660d0_0 .var "o1", 0 0;
v000002d3906676b0_0 .net "s", 0 0, L_000002d390667430;  1 drivers
E_000002d390603de0 .event anyedge, v000002d3906676b0_0, v000002d390601100_0;
S_000002d3906f6f00 .scope module, "d5" "demux1to2" 2 43, 2 1 0, S_000002d3906fd800;
 .timescale 0 0;
    .port_info 0 /OUTPUT 1 "o0";
    .port_info 1 /OUTPUT 1 "o1";
    .port_info 2 /INPUT 1 "i";
    .port_info 3 /INPUT 1 "s";
v000002d390666f30_0 .net "i", 0 0, v000002d390600b60_0;  alias, 1 drivers
v000002d390666170_0 .var "o0", 0 0;
v000002d390665e50_0 .var "o1", 0 0;
v000002d390666670_0 .net "s", 0 0, L_000002d390665a90;  1 drivers
E_000002d390603be0 .event anyedge, v000002d390666670_0, v000002d390600b60_0;
S_000002d390667870 .scope module, "d6" "demux1to2" 2 44, 2 1 0, S_000002d3906fd800;
 .timescale 0 0;
    .port_info 0 /OUTPUT 1 "o0";
    .port_info 1 /OUTPUT 1 "o1";
    .port_info 2 /INPUT 1 "i";
    .port_info 3 /INPUT 1 "s";
v000002d390665ef0_0 .net "i", 0 0, v000002d390600a20_0;  alias, 1 drivers
v000002d390667110_0 .var "o0", 0 0;
v000002d3906658b0_0 .var "o1", 0 0;
v000002d390665b30_0 .net "s", 0 0, L_000002d390665db0;  1 drivers
E_000002d3906036a0 .event anyedge, v000002d390665b30_0, v000002d390600a20_0;
    .scope S_000002d3906fd990;
T_0 ;
    %wait E_000002d390603da0;
    %load/vec4 v000002d390600660_0;
    %cmpi/e 0, 0, 1;
    %jmp/0xz  T_0.0, 4;
    %load/vec4 v000002d3906007a0_0;
    %store/vec4 v000002d390600200_0, 0, 1;
    %pushi/vec4 0, 0, 1;
    %store/vec4 v000002d390600340_0, 0, 1;
    %jmp T_0.1;
T_0.0 ;
    %pushi/vec4 0, 0, 1;
    %store/vec4 v000002d390600200_0, 0, 1;
    %load/vec4 v000002d3906007a0_0;
    %store/vec4 v000002d390600340_0, 0, 1;
T_0.1 ;
    %jmp T_0;
    .thread T_0, $push;
    .scope S_000002d390605e90;
T_1 ;
    %wait E_000002d390603420;
    %load/vec4 v000002d390600ac0_0;
    %cmpi/e 0, 0, 1;
    %jmp/0xz  T_1.0, 4;
    %load/vec4 v000002d390600f20_0;
    %store/vec4 v000002d390600700_0, 0, 1;
    %pushi/vec4 0, 0, 1;
    %store/vec4 v000002d390601100_0, 0, 1;
    %jmp T_1.1;
T_1.0 ;
    %pushi/vec4 0, 0, 1;
    %store/vec4 v000002d390600700_0, 0, 1;
    %load/vec4 v000002d390600f20_0;
    %store/vec4 v000002d390601100_0, 0, 1;
T_1.1 ;
    %jmp T_1;
    .thread T_1, $push;
    .scope S_000002d390606020;
T_2 ;
    %wait E_000002d390603660;
    %load/vec4 v000002d390600fc0_0;
    %cmpi/e 0, 0, 1;
    %jmp/0xz  T_2.0, 4;
    %load/vec4 v000002d3906008e0_0;
    %store/vec4 v000002d390600b60_0, 0, 1;
    %pushi/vec4 0, 0, 1;
    %store/vec4 v000002d390600a20_0, 0, 1;
    %jmp T_2.1;
T_2.0 ;
    %pushi/vec4 0, 0, 1;
    %store/vec4 v000002d390600b60_0, 0, 1;
    %load/vec4 v000002d3906008e0_0;
    %store/vec4 v000002d390600a20_0, 0, 1;
T_2.1 ;
    %jmp T_2;
    .thread T_2, $push;
    .scope S_000002d3906f6be0;
T_3 ;
    %wait E_000002d390603ee0;
    %load/vec4 v000002d390600480_0;
    %cmpi/e 0, 0, 1;
    %jmp/0xz  T_3.0, 4;
    %load/vec4 v000002d390600e80_0;
    %store/vec4 v000002d3906002a0_0, 0, 1;
    %pushi/vec4 0, 0, 1;
    %store/vec4 v000002d3906003e0_0, 0, 1;
    %jmp T_3.1;
T_3.0 ;
    %pushi/vec4 0, 0, 1;
    %store/vec4 v000002d3906002a0_0, 0, 1;
    %load/vec4 v000002d390600e80_0;
    %store/vec4 v000002d3906003e0_0, 0, 1;
T_3.1 ;
    %jmp T_3;
    .thread T_3, $push;
    .scope S_000002d3906f6d70;
T_4 ;
    %wait E_000002d390603de0;
    %load/vec4 v000002d3906676b0_0;
    %cmpi/e 0, 0, 1;
    %jmp/0xz  T_4.0, 4;
    %load/vec4 v000002d390667250_0;
    %store/vec4 v000002d390666030_0, 0, 1;
    %pushi/vec4 0, 0, 1;
    %store/vec4 v000002d3906660d0_0, 0, 1;
    %jmp T_4.1;
T_4.0 ;
    %pushi/vec4 0, 0, 1;
    %store/vec4 v000002d390666030_0, 0, 1;
    %load/vec4 v000002d390667250_0;
    %store/vec4 v000002d3906660d0_0, 0, 1;
T_4.1 ;
    %jmp T_4;
    .thread T_4, $push;
    .scope S_000002d3906f6f00;
T_5 ;
    %wait E_000002d390603be0;
    %load/vec4 v000002d390666670_0;
    %cmpi/e 0, 0, 1;
    %jmp/0xz  T_5.0, 4;
    %load/vec4 v000002d390666f30_0;
    %store/vec4 v000002d390666170_0, 0, 1;
    %pushi/vec4 0, 0, 1;
    %store/vec4 v000002d390665e50_0, 0, 1;
    %jmp T_5.1;
T_5.0 ;
    %pushi/vec4 0, 0, 1;
    %store/vec4 v000002d390666170_0, 0, 1;
    %load/vec4 v000002d390666f30_0;
    %store/vec4 v000002d390665e50_0, 0, 1;
T_5.1 ;
    %jmp T_5;
    .thread T_5, $push;
    .scope S_000002d390667870;
T_6 ;
    %wait E_000002d3906036a0;
    %load/vec4 v000002d390665b30_0;
    %cmpi/e 0, 0, 1;
    %jmp/0xz  T_6.0, 4;
    %load/vec4 v000002d390665ef0_0;
    %store/vec4 v000002d390667110_0, 0, 1;
    %pushi/vec4 0, 0, 1;
    %store/vec4 v000002d3906658b0_0, 0, 1;
    %jmp T_6.1;
T_6.0 ;
    %pushi/vec4 0, 0, 1;
    %store/vec4 v000002d390667110_0, 0, 1;
    %load/vec4 v000002d390665ef0_0;
    %store/vec4 v000002d3906658b0_0, 0, 1;
T_6.1 ;
    %jmp T_6;
    .thread T_6, $push;
    .scope S_000002d390610960;
T_7 ;
    %vpi_call 2 57 "$dumpfile", "demux1to8.vcd" {0 0 0};
    %vpi_call 2 58 "$dumpvars", 32'sb00000000000000000000000000000000, S_000002d390610960 {0 0 0};
    %pushi/vec4 1, 0, 1;
    %store/vec4 v000002d390665c70_0, 0, 1;
    %pushi/vec4 0, 0, 3;
    %store/vec4 v000002d390665d10_0, 0, 3;
    %delay 10, 0;
    %pushi/vec4 1, 0, 1;
    %store/vec4 v000002d390665c70_0, 0, 1;
    %pushi/vec4 1, 0, 3;
    %store/vec4 v000002d390665d10_0, 0, 3;
    %delay 10, 0;
    %pushi/vec4 1, 0, 1;
    %store/vec4 v000002d390665c70_0, 0, 1;
    %pushi/vec4 2, 0, 3;
    %store/vec4 v000002d390665d10_0, 0, 3;
    %delay 10, 0;
    %pushi/vec4 1, 0, 1;
    %store/vec4 v000002d390665c70_0, 0, 1;
    %pushi/vec4 3, 0, 3;
    %store/vec4 v000002d390665d10_0, 0, 3;
    %delay 10, 0;
    %pushi/vec4 1, 0, 1;
    %store/vec4 v000002d390665c70_0, 0, 1;
    %pushi/vec4 4, 0, 3;
    %store/vec4 v000002d390665d10_0, 0, 3;
    %delay 10, 0;
    %pushi/vec4 1, 0, 1;
    %store/vec4 v000002d390665c70_0, 0, 1;
    %pushi/vec4 5, 0, 3;
    %store/vec4 v000002d390665d10_0, 0, 3;
    %delay 10, 0;
    %pushi/vec4 1, 0, 1;
    %store/vec4 v000002d390665c70_0, 0, 1;
    %pushi/vec4 6, 0, 3;
    %store/vec4 v000002d390665d10_0, 0, 3;
    %delay 10, 0;
    %pushi/vec4 1, 0, 1;
    %store/vec4 v000002d390665c70_0, 0, 1;
    %pushi/vec4 7, 0, 3;
    %store/vec4 v000002d390665d10_0, 0, 3;
    %delay 10, 0;
    %vpi_call 2 67 "$finish" {0 0 0};
    %end;
    .thread T_7;
    .scope S_000002d390610960;
T_8 ;
    %vpi_call 2 71 "$monitor", "i = %b, s = %b, out = %b", v000002d390665c70_0, v000002d390665d10_0, v000002d3906671b0_0 {0 0 0};
    %end;
    .thread T_8;
# The file index is used to find the file name in the following table.
:file_names 3;
    "N/A";
    "<interactive>";
    "demux81.v";
