#! /c/Source/iverilog-install/bin/vvp
:ivl_version "12.0 (devel)" "(s20150603-1539-g2693dd32b)";
:ivl_delay_selection "TYPICAL";
:vpi_time_precision + 0;
:vpi_module "C:\iverilog\lib\ivl\system.vpi";
:vpi_module "C:\iverilog\lib\ivl\vhdl_sys.vpi";
:vpi_module "C:\iverilog\lib\ivl\vhdl_textio.vpi";
:vpi_module "C:\iverilog\lib\ivl\v2005_math.vpi";
:vpi_module "C:\iverilog\lib\ivl\va_math.vpi";
S_0000028bd7ef9c70 .scope module, "testbench" "testbench" 2 15;
 .timescale 0 0;
v0000028bd7ef9e00_0 .var "x", 3 0;
v0000028bd7ef9ea0_0 .net "y", 1 0, v0000028bd7ef6fe0_0;  1 drivers
S_0000028bd7f45b30 .scope module, "uut" "encoder4to2" 2 20, 2 1 0, S_0000028bd7ef9c70;
 .timescale 0 0;
    .port_info 0 /OUTPUT 2 "y";
    .port_info 1 /INPUT 4 "x";
v0000028bd7ef73b0_0 .net "x", 3 0, v0000028bd7ef9e00_0;  1 drivers
v0000028bd7ef6fe0_0 .var "y", 1 0;
E_0000028bd7efc5b0 .event anyedge, v0000028bd7ef73b0_0;
    .scope S_0000028bd7f45b30;
T_0 ;
    %wait E_0000028bd7efc5b0;
    %load/vec4 v0000028bd7ef73b0_0;
    %dup/vec4;
    %pushi/vec4 1, 0, 4;
    %cmp/u;
    %jmp/1 T_0.0, 6;
    %dup/vec4;
    %pushi/vec4 2, 0, 4;
    %cmp/u;
    %jmp/1 T_0.1, 6;
    %dup/vec4;
    %pushi/vec4 4, 0, 4;
    %cmp/u;
    %jmp/1 T_0.2, 6;
    %dup/vec4;
    %pushi/vec4 8, 0, 4;
    %cmp/u;
    %jmp/1 T_0.3, 6;
    %pushi/vec4 3, 3, 2;
    %store/vec4 v0000028bd7ef6fe0_0, 0, 2;
    %jmp T_0.5;
T_0.0 ;
    %pushi/vec4 0, 0, 2;
    %store/vec4 v0000028bd7ef6fe0_0, 0, 2;
    %jmp T_0.5;
T_0.1 ;
    %pushi/vec4 1, 0, 2;
    %store/vec4 v0000028bd7ef6fe0_0, 0, 2;
    %jmp T_0.5;
T_0.2 ;
    %pushi/vec4 2, 0, 2;
    %store/vec4 v0000028bd7ef6fe0_0, 0, 2;
    %jmp T_0.5;
T_0.3 ;
    %pushi/vec4 3, 0, 2;
    %store/vec4 v0000028bd7ef6fe0_0, 0, 2;
    %jmp T_0.5;
T_0.5 ;
    %pop/vec4 1;
    %jmp T_0;
    .thread T_0, $push;
    .scope S_0000028bd7ef9c70;
T_1 ;
    %vpi_call 2 27 "$dumpfile", "encoder4to2.vcd" {0 0 0};
    %vpi_call 2 28 "$dumpvars", 32'sb00000000000000000000000000000000, S_0000028bd7ef9c70 {0 0 0};
    %pushi/vec4 1, 0, 4;
    %store/vec4 v0000028bd7ef9e00_0, 0, 4;
    %delay 10, 0;
    %pushi/vec4 2, 0, 4;
    %store/vec4 v0000028bd7ef9e00_0, 0, 4;
    %delay 10, 0;
    %pushi/vec4 4, 0, 4;
    %store/vec4 v0000028bd7ef9e00_0, 0, 4;
    %delay 10, 0;
    %pushi/vec4 8, 0, 4;
    %store/vec4 v0000028bd7ef9e00_0, 0, 4;
    %delay 10, 0;
    %pushi/vec4 0, 0, 4;
    %store/vec4 v0000028bd7ef9e00_0, 0, 4;
    %delay 10, 0;
    %pushi/vec4 10, 0, 4;
    %store/vec4 v0000028bd7ef9e00_0, 0, 4;
    %delay 10, 0;
    %vpi_call 2 38 "$finish" {0 0 0};
    %end;
    .thread T_1;
    .scope S_0000028bd7ef9c70;
T_2 ;
    %vpi_call 2 43 "$monitor", "Time=%0t | x=%b | y=%b", $time, v0000028bd7ef9e00_0, v0000028bd7ef9ea0_0 {0 0 0};
    %end;
    .thread T_2;
# The file index is used to find the file name in the following table.
:file_names 3;
    "N/A";
    "<interactive>";
    "encoder.v";
