#! /c/Source/iverilog-install/bin/vvp
:ivl_version "12.0 (devel)" "(s20150603-1539-g2693dd32b)";
:ivl_delay_selection "TYPICAL";
:vpi_time_precision + 0;
:vpi_module "C:\iverilog\lib\ivl\system.vpi";
:vpi_module "C:\iverilog\lib\ivl\vhdl_sys.vpi";
:vpi_module "C:\iverilog\lib\ivl\vhdl_textio.vpi";
:vpi_module "C:\iverilog\lib\ivl\v2005_math.vpi";
:vpi_module "C:\iverilog\lib\ivl\va_math.vpi";
S_000002a6b195bde0 .scope module, "mux21" "mux21" 2 1;
 .timescale 0 0;
    .port_info 0 /OUTPUT 1 "o";
    .port_info 1 /INPUT 1 "a";
    .port_info 2 /INPUT 1 "b";
    .port_info 3 /INPUT 1 "s";
o000002a6b187af78 .functor BUFZ 1, C4<z>; HiZ drive
v000002a6b1957720_0 .net "a", 0 0, o000002a6b187af78;  0 drivers
o000002a6b187afa8 .functor BUFZ 1, C4<z>; HiZ drive
v000002a6b1866300_0 .net "b", 0 0, o000002a6b187afa8;  0 drivers
v000002a6b195a800_0 .net "o", 0 0, L_000002a6b18be7c0;  1 drivers
o000002a6b187b008 .functor BUFZ 1, C4<z>; HiZ drive
v000002a6b1875140_0 .net "s", 0 0, o000002a6b187b008;  0 drivers
L_000002a6b18be7c0 .functor MUXZ 1, o000002a6b187af78, o000002a6b187afa8, o000002a6b187b008, C4<>;
S_000002a6b1865fe0 .scope module, "mux21_if" "mux21_if" 2 8;
 .timescale 0 0;
    .port_info 0 /OUTPUT 1 "o";
    .port_info 1 /INPUT 1 "a";
    .port_info 2 /INPUT 1 "b";
    .port_info 3 /INPUT 1 "s";
o000002a6b187b0f8 .functor BUFZ 1, C4<z>; HiZ drive
v000002a6b18751e0_0 .net "a", 0 0, o000002a6b187b0f8;  0 drivers
o000002a6b187b128 .functor BUFZ 1, C4<z>; HiZ drive
v000002a6b1875280_0 .net "b", 0 0, o000002a6b187b128;  0 drivers
v000002a6b1875320_0 .var "o", 0 0;
o000002a6b187b188 .functor BUFZ 1, C4<z>; HiZ drive
v000002a6b18753c0_0 .net "s", 0 0, o000002a6b187b188;  0 drivers
E_000002a6b18785b0 .event anyedge, v000002a6b18753c0_0, v000002a6b18751e0_0, v000002a6b1875280_0;
S_000002a6b1866170 .scope module, "testbench" "testbench" 2 24;
 .timescale 0 0;
v000002a6b18bea40_0 .var "a", 0 0;
v000002a6b18be2c0_0 .var "b", 0 0;
v000002a6b18be0e0_0 .net "o", 0 0, L_000002a6b195d8f0;  1 drivers
v000002a6b18beae0_0 .var "s", 0 0;
S_000002a6b18767c0 .scope module, "x" "mux21_" 2 27, 2 17 0, S_000002a6b1866170;
 .timescale 0 0;
    .port_info 0 /OUTPUT 1 "o";
    .port_info 1 /INPUT 1 "a";
    .port_info 2 /INPUT 1 "b";
    .port_info 3 /INPUT 1 "s";
L_000002a6b195bf70 .functor AND 1, v000002a6b18bea40_0, L_000002a6b18be860, C4<1>, C4<1>;
L_000002a6b195a8a0 .functor AND 1, v000002a6b18be2c0_0, v000002a6b18beae0_0, C4<1>, C4<1>;
L_000002a6b195d8f0 .functor OR 1, L_000002a6b195bf70, L_000002a6b195a8a0, C4<0>, C4<0>;
v000002a6b1875460_0 .net *"_ivl_1", 0 0, L_000002a6b18be860;  1 drivers
v000002a6b1875500_0 .net *"_ivl_2", 0 0, L_000002a6b195bf70;  1 drivers
v000002a6b1876950_0 .net *"_ivl_4", 0 0, L_000002a6b195a8a0;  1 drivers
v000002a6b18769f0_0 .net "a", 0 0, v000002a6b18bea40_0;  1 drivers
v000002a6b18be680_0 .net "b", 0 0, v000002a6b18be2c0_0;  1 drivers
v000002a6b18be220_0 .net "o", 0 0, L_000002a6b195d8f0;  alias, 1 drivers
v000002a6b18be540_0 .net "s", 0 0, v000002a6b18beae0_0;  1 drivers
L_000002a6b18be860 .reduce/nor v000002a6b18beae0_0;
    .scope S_000002a6b1865fe0;
T_0 ;
    %wait E_000002a6b18785b0;
    %load/vec4 v000002a6b18753c0_0;
    %cmpi/e 0, 0, 1;
    %jmp/0xz  T_0.0, 4;
    %load/vec4 v000002a6b18751e0_0;
    %store/vec4 v000002a6b1875320_0, 0, 1;
    %jmp T_0.1;
T_0.0 ;
    %load/vec4 v000002a6b1875280_0;
    %store/vec4 v000002a6b1875320_0, 0, 1;
T_0.1 ;
    %jmp T_0;
    .thread T_0, $push;
    .scope S_000002a6b1866170;
T_1 ;
    %vpi_call 2 29 "$dumpfile", "reyad.vcd" {0 0 0};
    %vpi_call 2 30 "$dumpvars", 32'sb00000000000000000000000000000000, S_000002a6b1866170 {0 0 0};
    %pushi/vec4 1, 0, 1;
    %store/vec4 v000002a6b18beae0_0, 0, 1;
    %pushi/vec4 0, 0, 1;
    %store/vec4 v000002a6b18bea40_0, 0, 1;
    %pushi/vec4 0, 0, 1;
    %store/vec4 v000002a6b18be2c0_0, 0, 1;
    %delay 10, 0;
    %pushi/vec4 0, 0, 1;
    %store/vec4 v000002a6b18bea40_0, 0, 1;
    %pushi/vec4 1, 0, 1;
    %store/vec4 v000002a6b18be2c0_0, 0, 1;
    %delay 10, 0;
    %pushi/vec4 0, 0, 1;
    %store/vec4 v000002a6b18beae0_0, 0, 1;
    %pushi/vec4 1, 0, 1;
    %store/vec4 v000002a6b18bea40_0, 0, 1;
    %pushi/vec4 0, 0, 1;
    %store/vec4 v000002a6b18be2c0_0, 0, 1;
    %delay 10, 0;
    %pushi/vec4 1, 0, 1;
    %store/vec4 v000002a6b18bea40_0, 0, 1;
    %pushi/vec4 1, 0, 1;
    %store/vec4 v000002a6b18be2c0_0, 0, 1;
    %delay 10, 0;
    %vpi_call 2 42 "$finish" {0 0 0};
    %end;
    .thread T_1;
    .scope S_000002a6b1866170;
T_2 ;
    %vpi_call 2 46 "$monitor", "a = %b, b = %b, s=%b output=%b", v000002a6b18bea40_0, v000002a6b18be2c0_0, v000002a6b18beae0_0, v000002a6b18be0e0_0 {0 0 0};
    %end;
    .thread T_2;
# The file index is used to find the file name in the following table.
:file_names 3;
    "N/A";
    "<interactive>";
    "mux21.v";
