#! /c/Source/iverilog-install/bin/vvp
:ivl_version "12.0 (devel)" "(s20150603-1539-g2693dd32b)";
:ivl_delay_selection "TYPICAL";
:vpi_time_precision + 0;
:vpi_module "C:\iverilog\lib\ivl\system.vpi";
:vpi_module "C:\iverilog\lib\ivl\vhdl_sys.vpi";
:vpi_module "C:\iverilog\lib\ivl\vhdl_textio.vpi";
:vpi_module "C:\iverilog\lib\ivl\v2005_math.vpi";
:vpi_module "C:\iverilog\lib\ivl\va_math.vpi";
S_0000013664ca6a50 .scope module, "jk_flipflop_async_clear2" "jk_flipflop_async_clear2" 2 24;
 .timescale 0 0;
    .port_info 0 /OUTPUT 1 "q";
    .port_info 1 /INPUT 1 "j";
    .port_info 2 /INPUT 1 "k";
    .port_info 3 /INPUT 1 "clk";
    .port_info 4 /INPUT 1 "clear_n";
o0000013664cbbfa8 .functor BUFZ 1, C4<z>; HiZ drive
v0000013664ca5930_0 .net "clear_n", 0 0, o0000013664cbbfa8;  0 drivers
o0000013664cbbfd8 .functor BUFZ 1, C4<z>; HiZ drive
v0000013664c6bf60_0 .net "clk", 0 0, o0000013664cbbfd8;  0 drivers
o0000013664cbc008 .functor BUFZ 1, C4<z>; HiZ drive
v0000013664c6c000_0 .net "j", 0 0, o0000013664cbc008;  0 drivers
o0000013664cbc038 .functor BUFZ 1, C4<z>; HiZ drive
v0000013664c6c0a0_0 .net "k", 0 0, o0000013664cbc038;  0 drivers
v0000013664c6c140_0 .var "q", 0 0;
E_0000013664c68210/0 .event negedge, v0000013664ca5930_0;
E_0000013664c68210/1 .event posedge, v0000013664c6bf60_0;
E_0000013664c68210 .event/or E_0000013664c68210/0, E_0000013664c68210/1;
S_0000013664ca6be0 .scope module, "testbench" "testbench" 2 40;
 .timescale 0 0;
v0000013664c82a00_0 .var "clear_n", 0 0;
v0000013664c82aa0_0 .var "clk", 0 0;
v0000013664ca8550_0 .var "j", 0 0;
v0000013664cb11e0_0 .var "k", 0 0;
v0000013664cb0b00_0 .net "q", 0 0, v0000013664c82960_0;  1 drivers
S_0000013664c6c1e0 .scope module, "uut" "jk_flipflop_async_clear" 2 45, 2 1 0, S_0000013664ca6be0;
 .timescale 0 0;
    .port_info 0 /OUTPUT 1 "q";
    .port_info 1 /INPUT 1 "j";
    .port_info 2 /INPUT 1 "k";
    .port_info 3 /INPUT 1 "clk";
    .port_info 4 /INPUT 1 "clear_n";
v0000013664c826e0_0 .net "clear_n", 0 0, v0000013664c82a00_0;  1 drivers
v0000013664c82780_0 .net "clk", 0 0, v0000013664c82aa0_0;  1 drivers
v0000013664c82820_0 .net "j", 0 0, v0000013664ca8550_0;  1 drivers
v0000013664c828c0_0 .net "k", 0 0, v0000013664cb11e0_0;  1 drivers
v0000013664c82960_0 .var "q", 0 0;
E_0000013664c68290/0 .event negedge, v0000013664c826e0_0;
E_0000013664c68290/1 .event posedge, v0000013664c82780_0;
E_0000013664c68290 .event/or E_0000013664c68290/0, E_0000013664c68290/1;
    .scope S_0000013664ca6a50;
T_0 ;
    %wait E_0000013664c68210;
    %load/vec4 v0000013664ca5930_0;
    %nor/r;
    %flag_set/vec4 8;
    %jmp/0xz  T_0.0, 8;
    %pushi/vec4 0, 0, 1;
    %assign/vec4 v0000013664c6c140_0, 0;
    %jmp T_0.1;
T_0.0 ;
    %load/vec4 v0000013664c6c000_0;
    %load/vec4 v0000013664c6c140_0;
    %inv;
    %and;
    %load/vec4 v0000013664c6c0a0_0;
    %inv;
    %load/vec4 v0000013664c6c140_0;
    %and;
    %or;
    %assign/vec4 v0000013664c6c140_0, 0;
T_0.1 ;
    %jmp T_0;
    .thread T_0;
    .scope S_0000013664c6c1e0;
T_1 ;
    %wait E_0000013664c68290;
    %load/vec4 v0000013664c826e0_0;
    %nor/r;
    %flag_set/vec4 8;
    %jmp/0xz  T_1.0, 8;
    %pushi/vec4 0, 0, 1;
    %assign/vec4 v0000013664c82960_0, 0;
    %jmp T_1.1;
T_1.0 ;
    %load/vec4 v0000013664c82820_0;
    %load/vec4 v0000013664c828c0_0;
    %concat/vec4; draw_concat_vec4
    %dup/vec4;
    %pushi/vec4 0, 0, 2;
    %cmp/u;
    %jmp/1 T_1.2, 6;
    %dup/vec4;
    %pushi/vec4 1, 0, 2;
    %cmp/u;
    %jmp/1 T_1.3, 6;
    %dup/vec4;
    %pushi/vec4 2, 0, 2;
    %cmp/u;
    %jmp/1 T_1.4, 6;
    %dup/vec4;
    %pushi/vec4 3, 0, 2;
    %cmp/u;
    %jmp/1 T_1.5, 6;
    %jmp T_1.6;
T_1.2 ;
    %load/vec4 v0000013664c82960_0;
    %assign/vec4 v0000013664c82960_0, 0;
    %jmp T_1.6;
T_1.3 ;
    %pushi/vec4 0, 0, 1;
    %assign/vec4 v0000013664c82960_0, 0;
    %jmp T_1.6;
T_1.4 ;
    %pushi/vec4 1, 0, 1;
    %assign/vec4 v0000013664c82960_0, 0;
    %jmp T_1.6;
T_1.5 ;
    %load/vec4 v0000013664c82960_0;
    %inv;
    %assign/vec4 v0000013664c82960_0, 0;
    %jmp T_1.6;
T_1.6 ;
    %pop/vec4 1;
T_1.1 ;
    %jmp T_1;
    .thread T_1;
    .scope S_0000013664ca6be0;
T_2 ;
    %pushi/vec4 0, 0, 1;
    %store/vec4 v0000013664c82aa0_0, 0, 1;
T_2.0 ;
    %delay 5, 0;
    %load/vec4 v0000013664c82aa0_0;
    %inv;
    %store/vec4 v0000013664c82aa0_0, 0, 1;
    %jmp T_2.0;
    %end;
    .thread T_2;
    .scope S_0000013664ca6be0;
T_3 ;
    %vpi_call 2 61 "$dumpfile", "jk_flipflop_async_clear.vcd" {0 0 0};
    %vpi_call 2 62 "$dumpvars", 32'sb00000000000000000000000000000000, S_0000013664ca6be0 {0 0 0};
    %pushi/vec4 0, 0, 1;
    %store/vec4 v0000013664ca8550_0, 0, 1;
    %pushi/vec4 0, 0, 1;
    %store/vec4 v0000013664cb11e0_0, 0, 1;
    %pushi/vec4 1, 0, 1;
    %store/vec4 v0000013664c82a00_0, 0, 1;
    %delay 3, 0;
    %pushi/vec4 0, 0, 1;
    %store/vec4 v0000013664c82a00_0, 0, 1;
    %delay 5, 0;
    %pushi/vec4 1, 0, 1;
    %store/vec4 v0000013664c82a00_0, 0, 1;
    %delay 10, 0;
    %pushi/vec4 1, 0, 1;
    %store/vec4 v0000013664ca8550_0, 0, 1;
    %pushi/vec4 0, 0, 1;
    %store/vec4 v0000013664cb11e0_0, 0, 1;
    %delay 10, 0;
    %pushi/vec4 0, 0, 1;
    %store/vec4 v0000013664ca8550_0, 0, 1;
    %pushi/vec4 1, 0, 1;
    %store/vec4 v0000013664cb11e0_0, 0, 1;
    %delay 10, 0;
    %pushi/vec4 1, 0, 1;
    %store/vec4 v0000013664ca8550_0, 0, 1;
    %pushi/vec4 1, 0, 1;
    %store/vec4 v0000013664cb11e0_0, 0, 1;
    %delay 10, 0;
    %pushi/vec4 0, 0, 1;
    %store/vec4 v0000013664ca8550_0, 0, 1;
    %pushi/vec4 0, 0, 1;
    %store/vec4 v0000013664cb11e0_0, 0, 1;
    %delay 10, 0;
    %pushi/vec4 0, 0, 1;
    %store/vec4 v0000013664c82a00_0, 0, 1;
    %delay 5, 0;
    %pushi/vec4 1, 0, 1;
    %store/vec4 v0000013664c82a00_0, 0, 1;
    %delay 10, 0;
    %pushi/vec4 1, 0, 1;
    %store/vec4 v0000013664ca8550_0, 0, 1;
    %pushi/vec4 0, 0, 1;
    %store/vec4 v0000013664cb11e0_0, 0, 1;
    %delay 10, 0;
    %pushi/vec4 1, 0, 1;
    %store/vec4 v0000013664ca8550_0, 0, 1;
    %pushi/vec4 1, 0, 1;
    %store/vec4 v0000013664cb11e0_0, 0, 1;
    %vpi_call 2 85 "$finish" {0 0 0};
    %end;
    .thread T_3;
    .scope S_0000013664ca6be0;
T_4 ;
    %vpi_call 2 90 "$monitor", "Time=%0t | clk=%b | j=%b | k=%b | q=%b | clear_n=%b", $time, v0000013664c82aa0_0, v0000013664ca8550_0, v0000013664cb11e0_0, v0000013664cb0b00_0, v0000013664c82a00_0 {0 0 0};
    %end;
    .thread T_4;
# The file index is used to find the file name in the following table.
:file_names 3;
    "N/A";
    "<interactive>";
    "async_active_low.v";
